#-----------------------------------------------------------
# PlanAhead v14.7 (64-bit)
# Build 321239 by xbuild on Fri Sep 27 19:29:51 MDT 2013
# Start of session at: Mon Jul 20 22:37:02 2020
# Process ID: 13328
# Log file: E:/KITCODE/sp6_lpddr_v1/pico_ddr_bram_ftdififo/planAhead_run_1/planAhead.log
# Journal file: E:/KITCODE/sp6_lpddr_v1/pico_ddr_bram_ftdififo/planAhead_run_1/planAhead.jou
#-----------------------------------------------------------
INFO: [Common 17-78] Attempting to get a license: PlanAhead
INFO: [Common 17-290] Got license for PlanAhead
INFO: [Device 21-36] Loading parts and site information from C:/Xilinx/14.7/ISE_DS/PlanAhead/data/parts/arch.xml
Parsing RTL primitives file [C:/Xilinx/14.7/ISE_DS/PlanAhead/data/parts/xilinx/rtl/prims/rtl_prims.xml]
Finished parsing RTL primitives file [C:/Xilinx/14.7/ISE_DS/PlanAhead/data/parts/xilinx/rtl/prims/rtl_prims.xml]
start_gui
source E:/KITCODE/sp6_lpddr_v1/pico_ddr_bram_ftdififo/pa.fromNetlist.tcl
# create_project -name pico_uart -dir "E:/KITCODE/sp6_lpddr_v1/pico_ddr_bram_ftdififo/planAhead_run_1" -part xc6slx9tqg144-2
create_project: Time (s): elapsed = 00:00:08 . Memory (MB): peak = 600.320 ; gain = 60.523
INFO: [Common 17-41] Interrupt caught. Command should exit soon.
INFO: [Common 17-344] 'current_run' was cancelled
INFO: [Common 17-344] 'source' was cancelled
exit
ERROR: [PlanAhead 12-106] *** Exception: ui.h.b: Found deleted key in HTclEventBroker. Verify if the classes listed here call cleanup()
HTclEvent: SIGNAL_BUS_MODIFY   Classes: ui.views.aR 
HTclEvent: SIGNAL_MODIFY   Classes: ui.views.aR 
HTclEvent: DEBUG_CORE_CONFIG_CHANGE   Classes: ui.views.aR 
HTclEvent: DEBUG_PORT_CONFIG_CHANGE   Classes: ui.views.aR 
 (See E:/KITCODE/sp6_lpddr_v1/pico_ddr_bram_ftdififo\planAhead_pid13328.debug)
ERROR: [Common 17-39] 'stop_gui' failed due to earlier errors.
INFO: [Common 17-206] Exiting PlanAhead at Mon Jul 20 22:38:23 2020...
INFO: [Common 17-83] Releasing license: PlanAhead
